<?xml version="1.0" encoding="UTF-8"?>
<testng-results ignored="0" total="0" passed="0" failed="0" skipped="0">
  <reporter-output>
  </reporter-output>
  <suite started-at="2024-07-13T14:58:04 IST" name="Default suite" finished-at="2024-07-13T14:58:05 IST" duration-ms="958">
    <groups>
      <group name="cucumber">
        <method signature="AbstractTestNGCucumberTests.runScenario(io.cucumber.testng.PickleWrapper,io.cucumber.testng.FeatureWrapper)[pri:0, instance:TestRunner.RunnerTest_login@5167f57d]" name="runScenario" class="io.cucumber.testng.AbstractTestNGCucumberTests"/>
      </group> <!-- cucumber -->
    </groups>
    <test started-at="2024-07-13T14:58:04 IST" name="Default test" finished-at="2024-07-13T14:58:05 IST" duration-ms="958">
      <class name="TestRunner.RunnerTest_login">
        <test-method is-config="true" signature="setUpClass(org.testng.ITestContext)[pri:0, instance:TestRunner.RunnerTest_login@5167f57d]" started-at="2024-07-13T14:58:04 IST" name="setUpClass" finished-at="2024-07-13T14:58:05 IST" duration-ms="795" status="PASS">
          <params>
            <param index="0">
              <value>
                <![CDATA[org.testng.TestRunner@35a9782c]]>
              </value>
            </param>
          </params>
          <reporter-output>
          </reporter-output>
        </test-method> <!-- setUpClass -->
        <test-method is-config="true" signature="tearDownClass()[pri:0, instance:TestRunner.RunnerTest_login@5167f57d]" started-at="2024-07-13T14:58:05 IST" name="tearDownClass" finished-at="2024-07-13T14:58:05 IST" duration-ms="4" status="PASS">
          <reporter-output>
          </reporter-output>
        </test-method> <!-- tearDownClass -->
      </class> <!-- TestRunner.RunnerTest_login -->
    </test> <!-- Default test -->
  </suite> <!-- Default suite -->
</testng-results>
